[16/Mar/2018 17:41:27] "GET / HTTP/1.1" 200 8852
[16/Mar/2018 17:41:27] "GET /media/media/o-navio-negreiro.jpeg HTTP/1.1" 304 0
[16/Mar/2018 17:41:27] "GET /media/media/exilados_de_capela.jpg HTTP/1.1" 304 0
[16/Mar/2018 17:41:27] "GET /media/media/pequeno-principe.jpeg HTTP/1.1" 304 0
[16/Mar/2018 17:41:27] "GET /media/media/50-tons-de-cinza.jpeg HTTP/1.1" 304 0
[16/Mar/2018 17:41:28] "GET /cadastro/ HTTP/1.1" 200 8172
Not Found: /cadastro/static/estilo.css
[16/Mar/2018 17:41:28] "GET /cadastro/static/estilo.css HTTP/1.1" 404 3047
[16/Mar/2018 17:41:31] "GET / HTTP/1.1" 200 8852
[16/Mar/2018 17:41:33] "GET /cadastro/ HTTP/1.1" 200 8172
Not Found: /cadastro/static/estilo.css
[16/Mar/2018 17:41:33] "GET /cadastro/static/estilo.css HTTP/1.1" 404 3047
Not Found: /cadastro/static/estilo.css
[16/Mar/2018 17:41:33] "GET /cadastro/static/estilo.css HTTP/1.1" 404 3047
[16/Mar/2018 17:41:34] "GET / HTTP/1.1" 200 8852
[16/Mar/2018 17:41:35] "GET / HTTP/1.1" 200 8852
[16/Mar/2018 17:41:36] "GET /cadastro/ HTTP/1.1" 200 8172
Not Found: /cadastro/static/estilo.css
[16/Mar/2018 17:41:36] "GET /cadastro/static/estilo.css HTTP/1.1" 404 3047
Not Found: /cadastro/static/estilo.css
[16/Mar/2018 17:41:36] "GET /cadastro/static/estilo.css HTTP/1.1" 404 3047
[16/Mar/2018 17:41:36] "GET / HTTP/1.1" 200 8852
[16/Mar/2018 17:41:37] "GET /cadastro/ HTTP/1.1" 200 8172
Not Found: /cadastro/static/estilo.css
[16/Mar/2018 17:41:37] "GET /cadastro/static/estilo.css HTTP/1.1" 404 3047
Not Found: /cadastro/static/estilo.css
[16/Mar/2018 17:41:37] "GET /cadastro/static/estilo.css HTTP/1.1" 404 3047
[16/Mar/2018 17:43:00] "GET /cadastro/ HTTP/1.1" 200 8172
Not Found: /cadastro/static/estilo.css
[16/Mar/2018 17:43:01] "GET /cadastro/static/estilo.css HTTP/1.1" 404 3047
Not Found: /cadastro/static/estilo.css
[16/Mar/2018 17:43:01] "GET /cadastro/static/estilo.css HTTP/1.1" 404 3047
[16/Mar/2018 17:43:02] "GET /cadastro/ HTTP/1.1" 200 8172
Not Found: /cadastro/static/estilo.css
